Unity Editor version:    6000.0.18f1 (3699cf869f9b)
Branch:                  trunk
Build type:              Release
Batch mode:              YES
macOS version:           Version 14.1.1 (Build 23B81)
Darwin version:          23.1.0
Architecture:            arm64
Running under Rosetta:   NO
Available memory:        32768 MB
Using pre-set license
Pro License: YES

COMMAND LINE ARGUMENTS:
/Applications/Unity/Hub/Editor/6000.0.18f1/Unity.app/Contents/MacOS/Unity
-adb2
-batchMode
-noUpm
-name
AssetImportWorker7
-projectPath
/Users/jvankopp4255/Documents/GitHub/Unitysixthingy/AFC
-logFile
Logs/AssetImportWorker7.log
-srvPort
51724
-job-worker-count
4
-background-job-worker-count
8
-asset-garbage-collectors
1
Successfully changed project path to: /Users/jvankopp4255/Documents/GitHub/Unitysixthingy/AFC
Could not lock editor preferences. Preferences updates for this instance of Unity will not be saved./Users/jvankopp4255/Documents/GitHub/Unitysixthingy/AFC
[UnityMemory] Configuration Parameters - Can be set up in boot.config
    "memorysetup-bucket-allocator-granularity=16"
    "memorysetup-bucket-allocator-bucket-count=8"
    "memorysetup-bucket-allocator-block-size=33554432"
    "memorysetup-bucket-allocator-block-count=8"
    "memorysetup-main-allocator-block-size=16777216"
    "memorysetup-thread-allocator-block-size=16777216"
    "memorysetup-gfx-main-allocator-block-size=16777216"
    "memorysetup-gfx-thread-allocator-block-size=16777216"
    "memorysetup-cache-allocator-block-size=4194304"
    "memorysetup-typetree-allocator-block-size=2097152"
    "memorysetup-profiler-bucket-allocator-granularity=16"
    "memorysetup-profiler-bucket-allocator-bucket-count=8"
    "memorysetup-profiler-bucket-allocator-block-size=33554432"
    "memorysetup-profiler-bucket-allocator-block-count=8"
    "memorysetup-profiler-allocator-block-size=16777216"
    "memorysetup-profiler-editor-allocator-block-size=1048576"
    "memorysetup-temp-allocator-size-main=16777216"
    "memorysetup-job-temp-allocator-block-size=2097152"
    "memorysetup-job-temp-allocator-block-size-background=1048576"
    "memorysetup-job-temp-allocator-reduction-small-platforms=262144"
    "memorysetup-allocator-temp-initial-block-size-main=262144"
    "memorysetup-allocator-temp-initial-block-size-worker=262144"
    "memorysetup-temp-allocator-size-background-worker=32768"
    "memorysetup-temp-allocator-size-job-worker=262144"
    "memorysetup-temp-allocator-size-preload-manager=33554432"
    "memorysetup-temp-allocator-size-nav-mesh-worker=65536"
    "memorysetup-temp-allocator-size-audio-worker=65536"
    "memorysetup-temp-allocator-size-cloud-worker=32768"
    "memorysetup-temp-allocator-size-gi-baking-worker=262144"
    "memorysetup-temp-allocator-size-gi-baking-worker=262144"
    "memorysetup-temp-allocator-size-gi-baking-worker=262144"
    "memorysetup-temp-allocator-size-gi-baking-worker=262144"
    "memorysetup-temp-allocator-size-gi-baking-worker=262144"
    "memorysetup-temp-allocator-size-gfx=262144"
Player connection [7947312832]  Target information:

Player connection [7947312832]  * "[IP] 10.230.45.227 [Port] 0 [Flags] 2 [Guid] 1432361787 [EditorId] 1432361787 [Version] 1048832 [Id] OSXEditor(0,IT01-125011) [Debug] 1 [PackageName] OSXEditor [ProjectName] Editor" 

Player connection [7947312832] Host joined multi-casting on [225.0.0.222:54997]...
Player connection [7947312832] Host joined alternative multi-casting on [225.0.0.222:34997]...
JobSystem: Creating JobQueue using job-worker-count value 4
Library Redirect Path: Library/
[PhysX] Initialized MultithreadedTaskDispatcher with 5 workers.
Refreshing native plugins compatible for Editor in 0.09 ms, found 0 plugins.
Preloading 0 native plugins for Editor in 0.00 ms.
Initialize engine version: 6000.0.18f1 (3699cf869f9b)
[Subsystems] Discovering subsystems at path /Applications/Unity/Hub/Editor/6000.0.18f1/Unity.app/Contents/Resources/UnitySubsystems
[Subsystems] Discovering subsystems at path /Users/jvankopp4255/Documents/GitHub/Unitysixthingy/AFC/Assets
GfxDevice: creating device client; kGfxThreadingModeNonThreaded
 preferred device: Apple M1 Max (high power)
Metal devices available: 1
0: Apple M1 Max (high power)
Using device Apple M1 Max (high power)
Initializing Metal device caps: Apple M1 Max
Initialize mono
Mono path[0] = '/Applications/Unity/Hub/Editor/6000.0.18f1/Unity.app/Contents/Managed'
Mono path[1] = '/Applications/Unity/Hub/Editor/6000.0.18f1/Unity.app/Contents/MonoBleedingEdge/lib/mono/unityjit-macos'
Mono config path = '/Applications/Unity/Hub/Editor/6000.0.18f1/Unity.app/Contents/MonoBleedingEdge/etc'
Using monoOptions --debugger-agent=transport=dt_socket,embedding=1,server=y,suspend=n,address=127.0.0.1:56810
Begin MonoManager ReloadAssembly
Registering precompiled unity dll's ...
Register platform support module: /Applications/Unity/Hub/Editor/6000.0.18f1/PlaybackEngines/WebGLSupport/UnityEditor.WebGL.Extensions.dll
Register platform support module: /Applications/Unity/Hub/Editor/6000.0.18f1/Unity.app/Contents/PlaybackEngines/MacStandaloneSupport/UnityEditor.OSXStandalone.Extensions.dll
Register platform support module: /Applications/Unity/Hub/Editor/6000.0.18f1/PlaybackEngines/AndroidPlayer/UnityEditor.Android.Extensions.dll
Registered in 0.001179 seconds.
- Loaded All Assemblies, in  0.228 seconds
Native extension for Android target not found
Android Extension - Scanning For ADB Devices 157 ms
Native extension for OSXStandalone target not found
Native extension for WebGL target not found
NullReferenceException: Object reference not set to an instance of an object
  at System.Collections.Generic.Dictionary`2[TKey,TValue].TryInsert (TKey key, TValue value, System.Collections.Generic.InsertionBehavior behavior) [0x00111] in <c040dc59dcbc4ddb95ffc99a02c8bae9>:0 
  at System.Collections.Generic.Dictionary`2[TKey,TValue].Add (TKey key, TValue value) [0x00000] in <c040dc59dcbc4ddb95ffc99a02c8bae9>:0 
  at UnityEngine.UIElements.VisualElement.GetOrCreateTypeData (System.Type t) [0x0001d] in /Users/bokken/build/output/unity/unity/Modules/UIElements/Core/VisualElementTypeData.cs:69 
  at UnityEngine.UIElements.VisualElementFactoryRegistry.GetMovedUIControlTypeName (System.Type type, UnityEngine.Scripting.APIUpdating.MovedFromAttribute attr) [0x0003a] in /Users/bokken/build/output/unity/unity/Modules/UIElements/Core/UXML/VisualElementFactoryRegistry.cs:25 
  at UnityEditor.UIElements.UxmlSerializedDataRegistry.RegisterType (System.String typeName, System.Type serializedDataType) [0x00156] in /Users/bokken/build/output/unity/unity/Modules/UIElementsEditor/UXML/UxmlSerializedDataRegistry.cs:164 
  at UnityEditor.UIElements.UxmlSerializedDataRegistry.Register () [0x0012d] in /Users/bokken/build/output/unity/unity/Modules/UIElementsEditor/UXML/UxmlSerializedDataRegistry.cs:130 
  at UnityEditor.UIElements.UxmlSerializedDataRegistry+InitializeUxmlRegistryDescriptions.Execute () [0x00001] in /Users/bokken/build/output/unity/unity/Modules/UIElementsEditor/UXML/UxmlSerializedDataRegistry.cs:52 
  at Unity.Jobs.IJobExtensions+JobStruct`1[T].Execute (T& data, System.IntPtr additionalPtr, System.IntPtr bufferRangePatchData, Unity.Jobs.LowLevel.Unsafe.JobRanges& ranges, System.Int32 jobIndex) [0x00001] in /Users/bokken/build/output/unity/unity/Runtime/Jobs/Managed/IJob.cs:61 

(Filename: /Users/bokken/build/output/unity/unity/Modules/UIElementsEditor/UXML/UxmlSerializedDataRegistry.cs Line: 164)

Mono: successfully reloaded assembly
- Finished resetting the current domain, in  0.462 seconds
Domain Reload Profiling: 691ms
	BeginReloadAssembly (50ms)
		ExecutionOrderSort (0ms)
		DisableScriptedObjects (0ms)
		BackupInstance (0ms)
		ReleaseScriptingObjects (0ms)
		CreateAndSetChildDomain (0ms)
	RebuildCommonClasses (26ms)
	RebuildNativeTypeToScriptingClass (9ms)
	initialDomainReloadingComplete (28ms)
	LoadAllAssembliesAndSetupDomain (115ms)
		LoadAssemblies (50ms)
		RebuildTransferFunctionScriptingTraits (0ms)
		AnalyzeDomain (113ms)
			TypeCache.Refresh (112ms)
				TypeCache.ScanAssembly (102ms)
			BuildScriptInfoCaches (0ms)
			ResolveRequiredComponents (1ms)
	FinalizeReload (462ms)
		ReleaseScriptCaches (0ms)
		RebuildScriptCaches (0ms)
		SetupLoadedEditorAssemblies (430ms)
			LogAssemblyErrors (0ms)
			InitializePlatformSupportModulesInManaged (215ms)
			SetLoadedEditorAssemblies (3ms)
			BeforeProcessingInitializeOnLoad (5ms)
			ProcessInitializeOnLoadAttributes (150ms)
			ProcessInitializeOnLoadMethodAttributes (55ms)
			AfterProcessingInitializeOnLoad (2ms)
			EditorAssembliesLoaded (0ms)
		ExecutionOrderSort2 (0ms)
		AwakeInstancesAfterBackupRestoration (0ms)
Assertion failed on expression: 'IsFileCreated(assemblyPath)'
Assertion failed on expression: 'IsFileCreated(assemblyPath)'
Assertion failed on expression: 'IsFileCreated(assemblyPath)'
Assertion failed on expression: 'IsFileCreated(assemblyPath)'
Assertion failed on expression: 'IsFileCreated(assemblyPath)'
Assertion failed on expression: 'IsFileCreated(assemblyPath)'
Assertion failed on expression: 'IsFileCreated(assemblyPath)'
Assertion failed on expression: 'IsFileCreated(assemblyPath)'
Assertion failed on expression: 'IsFileCreated(assemblyPath)'
Assertion failed on expression: 'IsFileCreated(assemblyPath)'
Assertion failed on expression: 'IsFileCreated(assemblyPath)'
Assertion failed on expression: 'IsFileCreated(assemblyPath)'
Assertion failed on expression: 'IsFileCreated(assemblyPath)'
Assertion failed on expression: 'IsFileCreated(assemblyPath)'
Assertion failed on expression: 'IsFileCreated(assemblyPath)'
Assertion failed on expression: 'IsFileCreated(assemblyPath)'
Assertion failed on expression: 'IsFileCreated(assemblyPath)'
Compilation Pipeline: Could not read file Packages/com.unity.ugui/Runtime/TMP/Unity.TextMeshPro.asmdef
Fatal Error! Compilation Pipeline: Could not read file Packages/com.unity.ugui/Runtime/TMP/Unity.TextMeshPro.asmdef
Obtained 35 stack frames.
#0  0x0000018393d11c in __pthread_kill
#1  0x9c24000183884a40 in abort
#2  0x6706800104e9c758 in __cxx_global_var_init.2
#3  0x00000103a83b48 in EditorMonoConsole::LogToConsoleImplementation(CppLogEntry&)
#4  0x00000103a8368c in EditorMonoConsole::LogToConsoleImplementation(DebugStringToFileData const&)
#5  0x00000103a852bc in LogToConsoleImplementation(DebugStringToFileData const&)
#6  0x0000010476b1bc in DebugStringToFilePostprocessedStacktrace(DebugStringToFileData const&)
#7  0x0000010476b9f4 in DebugStringToFile(DebugStringToFileData const&)
#8  0x000001040d145c in RegisterAssemblyDefinition(core::basic_string<char, core::StringStorageDefault<char>> const&)
#9  0x00000104423bec in UpdateScriptCompilationPipelineCaches(ScriptChanges const&, bool)
#10 0x000001042b40ec in InitializeScriptPipelineCaches()
#11 0x00000103b9d7e0 in Application::InitializeProject()
#12 0x00000104ea3ba8 in -[EditorApplication applicationDidFinishLaunching:]
#13 0x00000183a46820 in __CFNOTIFICATIONCENTER_IS_CALLING_OUT_TO_AN_OBSERVER__
#14 0xf834800183ada8ec in ___CFXRegistrationPost_block_invoke
#15 0x3a76800183ada834 in _CFXRegistrationPost
#16 0x2441800183a1548c in _CFXNotificationPost
#17 0x5f72800184b07030 in -[NSNotificationCenter postNotificationName:object:userInfo:]
#18 0x8732000187232624 in -[NSApplication _postDidFinishNotification]
#19 0x7d108001872323d4 in -[NSApplication _sendFinishLaunchingNotification]
#20 0xc5480018723091c in -[NSApplication(NSAppleEventHandling) _handleAEOpenEvent:]
#21 0x1e72000187230518 in -[NSApplication(NSAppleEventHandling) _handleCoreEvent:withReplyEvent:]
#22 0x41c000184b2f454 in -[NSAppleEventManager dispatchRawAppleEvent:withRawReply:handlerRefCon:]
#23 0x71b000184b2f248 in _NSAppleEventManagerGenericHandler
#24 0x522200018a980d8c in _AppleEventsCheckInAppWithBlock
#25 0x197500018a9806b4 in _AppleEventsCheckInAppWithBlock
#26 0xa97c00018a979cc4 in aeProcessAppleEvent
#27 0xb84500018dfdc2d4 in AEProcessAppleEvent
#28 0xfc0380018722af60 in _DPSNextEvent
#29 0x2b32000187a00ebc in -[NSApplication(NSEventRouting) _nextEventMatchingEventMask:untilDate:inMode:dequeue:]
#30 0x535180018721e100 in -[NSApplication run]
#31 0xd720001871f53cc in NSApplicationMain
#32 0x1240800104eb8da4 in EditorMain(int, char const**)
#33 0x00000104eb9100 in main
#34 0x000001835f90e0 in start
