Unity Editor version:    6000.0.18f1 (3699cf869f9b)
Branch:                  trunk
Build type:              Release
Batch mode:              YES
macOS version:           Version 14.1.1 (Build 23B81)
Darwin version:          23.1.0
Architecture:            arm64
Running under Rosetta:   NO
Available memory:        32768 MB
Using pre-set license
Pro License: YES

COMMAND LINE ARGUMENTS:
/Applications/Unity/Hub/Editor/6000.0.18f1/Unity.app/Contents/MacOS/Unity
-adb2
-batchMode
-noUpm
-name
AssetImportWorker9
-projectPath
/Users/wmathews4255/Documents/GitHub/Unitysixthingy/AFC
-logFile
Logs/AssetImportWorker9.log
-srvPort
56193
-job-worker-count
4
-background-job-worker-count
8
-asset-garbage-collectors
1
Successfully changed project path to: /Users/wmathews4255/Documents/GitHub/Unitysixthingy/AFC
Could not lock editor preferences. Preferences updates for this instance of Unity will not be saved./Users/wmathews4255/Documents/GitHub/Unitysixthingy/AFC
[UnityMemory] Configuration Parameters - Can be set up in boot.config
    "memorysetup-bucket-allocator-granularity=16"
    "memorysetup-bucket-allocator-bucket-count=8"
    "memorysetup-bucket-allocator-block-size=33554432"
    "memorysetup-bucket-allocator-block-count=8"
    "memorysetup-main-allocator-block-size=16777216"
    "memorysetup-thread-allocator-block-size=16777216"
    "memorysetup-gfx-main-allocator-block-size=16777216"
    "memorysetup-gfx-thread-allocator-block-size=16777216"
    "memorysetup-cache-allocator-block-size=4194304"
    "memorysetup-typetree-allocator-block-size=2097152"
    "memorysetup-profiler-bucket-allocator-granularity=16"
    "memorysetup-profiler-bucket-allocator-bucket-count=8"
    "memorysetup-profiler-bucket-allocator-block-size=33554432"
    "memorysetup-profiler-bucket-allocator-block-count=8"
    "memorysetup-profiler-allocator-block-size=16777216"
    "memorysetup-profiler-editor-allocator-block-size=1048576"
    "memorysetup-temp-allocator-size-main=16777216"
    "memorysetup-job-temp-allocator-block-size=2097152"
    "memorysetup-job-temp-allocator-block-size-background=1048576"
    "memorysetup-job-temp-allocator-reduction-small-platforms=262144"
    "memorysetup-allocator-temp-initial-block-size-main=262144"
    "memorysetup-allocator-temp-initial-block-size-worker=262144"
    "memorysetup-temp-allocator-size-background-worker=32768"
    "memorysetup-temp-allocator-size-job-worker=262144"
    "memorysetup-temp-allocator-size-preload-manager=33554432"
    "memorysetup-temp-allocator-size-nav-mesh-worker=65536"
    "memorysetup-temp-allocator-size-audio-worker=65536"
    "memorysetup-temp-allocator-size-cloud-worker=32768"
    "memorysetup-temp-allocator-size-gi-baking-worker=262144"
    "memorysetup-temp-allocator-size-gi-baking-worker=262144"
    "memorysetup-temp-allocator-size-gi-baking-worker=262144"
    "memorysetup-temp-allocator-size-gi-baking-worker=262144"
    "memorysetup-temp-allocator-size-gi-baking-worker=262144"
    "memorysetup-temp-allocator-size-gfx=262144"
Player connection [7967743680]  Target information:

Player connection [7967743680]  * "[IP] 10.230.43.13 [Port] 0 [Flags] 2 [Guid] 980465797 [EditorId] 980465797 [Version] 1048832 [Id] OSXEditor(0,IT01-125000) [Debug] 1 [PackageName] OSXEditor [ProjectName] Editor" 

Player connection [7967743680] Host joined multi-casting on [225.0.0.222:54997]...
Player connection [7967743680] Host joined alternative multi-casting on [225.0.0.222:34997]...
JobSystem: Creating JobQueue using job-worker-count value 4
Library Redirect Path: Library/
[PhysX] Initialized MultithreadedTaskDispatcher with 5 workers.
Refreshing native plugins compatible for Editor in 0.16 ms, found 0 plugins.
Preloading 0 native plugins for Editor in 0.00 ms.
Initialize engine version: 6000.0.18f1 (3699cf869f9b)
[Subsystems] Discovering subsystems at path /Applications/Unity/Hub/Editor/6000.0.18f1/Unity.app/Contents/Resources/UnitySubsystems
[Subsystems] Discovering subsystems at path /Users/wmathews4255/Documents/GitHub/Unitysixthingy/AFC/Assets
GfxDevice: creating device client; kGfxThreadingModeNonThreaded
 preferred device: Apple M1 Max (high power)
Metal devices available: 1
0: Apple M1 Max (high power)
Using device Apple M1 Max (high power)
Initializing Metal device caps: Apple M1 Max
Initialize mono
Mono path[0] = '/Applications/Unity/Hub/Editor/6000.0.18f1/Unity.app/Contents/Managed'
Mono path[1] = '/Applications/Unity/Hub/Editor/6000.0.18f1/Unity.app/Contents/MonoBleedingEdge/lib/mono/unityjit-macos'
Mono config path = '/Applications/Unity/Hub/Editor/6000.0.18f1/Unity.app/Contents/MonoBleedingEdge/etc'
Using monoOptions --debugger-agent=transport=dt_socket,embedding=1,server=y,suspend=n,address=127.0.0.1:56669
Begin MonoManager ReloadAssembly
Registering precompiled unity dll's ...
Register platform support module: /Applications/Unity/Hub/Editor/6000.0.18f1/PlaybackEngines/WebGLSupport/UnityEditor.WebGL.Extensions.dll
Register platform support module: /Applications/Unity/Hub/Editor/6000.0.18f1/Unity.app/Contents/PlaybackEngines/MacStandaloneSupport/UnityEditor.OSXStandalone.Extensions.dll
Register platform support module: /Applications/Unity/Hub/Editor/6000.0.18f1/PlaybackEngines/AndroidPlayer/UnityEditor.Android.Extensions.dll
Register platform support module: /Applications/Unity/Hub/Editor/6000.0.18f1/PlaybackEngines/iOSSupport/UnityEditor.iOS.Extensions.dll
Registered in 0.001645 seconds.
- Loaded All Assemblies, in  0.219 seconds
[usbmuxd] Start listen thread
[usbmuxd] Listen thread started
[usbmuxd] Send listen message
Native extension for iOS target not found
Native extension for Android target not found
Android Extension - Scanning For ADB Devices 170 ms
Native extension for OSXStandalone target not found
Native extension for WebGL target not found
Mono: successfully reloaded assembly
- Finished resetting the current domain, in  0.591 seconds
Domain Reload Profiling: 810ms
	BeginReloadAssembly (48ms)
		ExecutionOrderSort (0ms)
		DisableScriptedObjects (0ms)
		BackupInstance (0ms)
		ReleaseScriptingObjects (0ms)
		CreateAndSetChildDomain (0ms)
	RebuildCommonClasses (25ms)
	RebuildNativeTypeToScriptingClass (9ms)
	initialDomainReloadingComplete (28ms)
	LoadAllAssembliesAndSetupDomain (108ms)
		LoadAssemblies (48ms)
		RebuildTransferFunctionScriptingTraits (0ms)
		AnalyzeDomain (106ms)
			TypeCache.Refresh (105ms)
				TypeCache.ScanAssembly (96ms)
			BuildScriptInfoCaches (0ms)
			ResolveRequiredComponents (1ms)
	FinalizeReload (591ms)
		ReleaseScriptCaches (0ms)
		RebuildScriptCaches (0ms)
		SetupLoadedEditorAssemblies (559ms)
			LogAssemblyErrors (0ms)
			InitializePlatformSupportModulesInManaged (270ms)
			SetLoadedEditorAssemblies (3ms)
			BeforeProcessingInitializeOnLoad (6ms)
			ProcessInitializeOnLoadAttributes (167ms)
			ProcessInitializeOnLoadMethodAttributes (91ms)
			AfterProcessingInitializeOnLoad (23ms)
			EditorAssembliesLoaded (0ms)
		ExecutionOrderSort2 (0ms)
		AwakeInstancesAfterBackupRestoration (0ms)
Assertion failed on expression: 'IsFileCreated(assemblyPath)'
Assertion failed on expression: 'IsFileCreated(assemblyPath)'
Assertion failed on expression: 'IsFileCreated(assemblyPath)'
Assertion failed on expression: 'IsFileCreated(assemblyPath)'
Assertion failed on expression: 'IsFileCreated(assemblyPath)'
Assertion failed on expression: 'IsFileCreated(assemblyPath)'
Assertion failed on expression: 'IsFileCreated(assemblyPath)'
Assertion failed on expression: 'IsFileCreated(assemblyPath)'
Assertion failed on expression: 'IsFileCreated(assemblyPath)'
Assertion failed on expression: 'IsFileCreated(assemblyPath)'
Assertion failed on expression: 'IsFileCreated(assemblyPath)'
Assertion failed on expression: 'IsFileCreated(assemblyPath)'
Assertion failed on expression: 'IsFileCreated(assemblyPath)'
Assertion failed on expression: 'IsFileCreated(assemblyPath)'
Assertion failed on expression: 'IsFileCreated(assemblyPath)'
Assertion failed on expression: 'IsFileCreated(assemblyPath)'
Assertion failed on expression: 'IsFileCreated(assemblyPath)'
Compilation Pipeline: Could not read file Packages/com.unity.ugui/Runtime/TMP/Unity.TextMeshPro.asmdef
Fatal Error! Compilation Pipeline: Could not read file Packages/com.unity.ugui/Runtime/TMP/Unity.TextMeshPro.asmdef
Obtained 35 stack frames.
#0  0x00000184cb911c in __pthread_kill
#1  0xf744800184c00a40 in abort
#2  0xf21d800107b04758 in __cxx_global_var_init.2
#3  0x000001066ebb48 in EditorMonoConsole::LogToConsoleImplementation(CppLogEntry&)
#4  0x000001066eb68c in EditorMonoConsole::LogToConsoleImplementation(DebugStringToFileData const&)
#5  0x000001066ed2bc in LogToConsoleImplementation(DebugStringToFileData const&)
#6  0x000001073d31bc in DebugStringToFilePostprocessedStacktrace(DebugStringToFileData const&)
#7  0x000001073d39f4 in DebugStringToFile(DebugStringToFileData const&)
#8  0x00000106d3945c in RegisterAssemblyDefinition(core::basic_string<char, core::StringStorageDefault<char>> const&)
#9  0x0000010708bbec in UpdateScriptCompilationPipelineCaches(ScriptChanges const&, bool)
#10 0x00000106f1c0ec in InitializeScriptPipelineCaches()
#11 0x000001068057e0 in Application::InitializeProject()
#12 0x00000107b0bba8 in -[EditorApplication applicationDidFinishLaunching:]
#13 0x00000184dc2820 in __CFNOTIFICATIONCENTER_IS_CALLING_OUT_TO_AN_OBSERVER__
#14 0x6a1e000184e568ec in ___CFXRegistrationPost_block_invoke
#15 0x543a800184e56834 in _CFXRegistrationPost
#16 0xc574800184d9148c in _CFXNotificationPost
#17 0x756d800185e83030 in -[NSNotificationCenter postNotificationName:object:userInfo:]
#18 0x765b8001885ae624 in -[NSApplication _postDidFinishNotification]
#19 0x90190001885ae3d4 in -[NSApplication _sendFinishLaunchingNotification]
#20 0x19690001885ac91c in -[NSApplication(NSAppleEventHandling) _handleAEOpenEvent:]
#21 0x17120001885ac518 in -[NSApplication(NSAppleEventHandling) _handleCoreEvent:withReplyEvent:]
#22 0x1426800185eab454 in -[NSAppleEventManager dispatchRawAppleEvent:withRawReply:handlerRefCon:]
#23 0x8a26000185eab248 in _NSAppleEventManagerGenericHandler
#24 0x767700018bcfcd8c in _AppleEventsCheckInAppWithBlock
#25 0xac4680018bcfc6b4 in _AppleEventsCheckInAppWithBlock
#26 0x7d2180018bcf5cc4 in aeProcessAppleEvent
#27 0xb56380018f3582d4 in AEProcessAppleEvent
#28 0xde3d0001885a6f60 in _DPSNextEvent
#29 0x4037000188d7cebc in -[NSApplication(NSEventRouting) _nextEventMatchingEventMask:untilDate:inMode:dequeue:]
#30 0xef6c80018859a100 in -[NSApplication run]
#31 0xe1160001885713cc in NSApplicationMain
#32 0xbb72000107b20da4 in EditorMain(int, char const**)
#33 0x00000107b21100 in main
#34 0x000001849750e0 in start
