Unity Editor version:    6000.0.18f1 (3699cf869f9b)
Branch:                  trunk
Build type:              Release
Batch mode:              YES
macOS version:           Version 14.1.1 (Build 23B81)
Darwin version:          23.1.0
Architecture:            arm64
Running under Rosetta:   NO
Available memory:        32768 MB
Using pre-set license
Pro License: YES

COMMAND LINE ARGUMENTS:
/Applications/Unity/Hub/Editor/6000.0.18f1/Unity.app/Contents/MacOS/Unity
-adb2
-batchMode
-noUpm
-name
AssetImportWorker2
-projectPath
/Users/wmathews4255/Documents/GitHub/Unitysixthingy/AFC
-logFile
Logs/AssetImportWorker2.log
-srvPort
53249
-job-worker-count
4
-background-job-worker-count
8
-asset-garbage-collectors
1
Successfully changed project path to: /Users/wmathews4255/Documents/GitHub/Unitysixthingy/AFC
Could not lock editor preferences. Preferences updates for this instance of Unity will not be saved./Users/wmathews4255/Documents/GitHub/Unitysixthingy/AFC
[UnityMemory] Configuration Parameters - Can be set up in boot.config
    "memorysetup-bucket-allocator-granularity=16"
    "memorysetup-bucket-allocator-bucket-count=8"
    "memorysetup-bucket-allocator-block-size=33554432"
    "memorysetup-bucket-allocator-block-count=8"
    "memorysetup-main-allocator-block-size=16777216"
    "memorysetup-thread-allocator-block-size=16777216"
    "memorysetup-gfx-main-allocator-block-size=16777216"
    "memorysetup-gfx-thread-allocator-block-size=16777216"
    "memorysetup-cache-allocator-block-size=4194304"
    "memorysetup-typetree-allocator-block-size=2097152"
    "memorysetup-profiler-bucket-allocator-granularity=16"
    "memorysetup-profiler-bucket-allocator-bucket-count=8"
    "memorysetup-profiler-bucket-allocator-block-size=33554432"
    "memorysetup-profiler-bucket-allocator-block-count=8"
    "memorysetup-profiler-allocator-block-size=16777216"
    "memorysetup-profiler-editor-allocator-block-size=1048576"
    "memorysetup-temp-allocator-size-main=16777216"
    "memorysetup-job-temp-allocator-block-size=2097152"
    "memorysetup-job-temp-allocator-block-size-background=1048576"
    "memorysetup-job-temp-allocator-reduction-small-platforms=262144"
    "memorysetup-allocator-temp-initial-block-size-main=262144"
    "memorysetup-allocator-temp-initial-block-size-worker=262144"
    "memorysetup-temp-allocator-size-background-worker=32768"
    "memorysetup-temp-allocator-size-job-worker=262144"
    "memorysetup-temp-allocator-size-preload-manager=33554432"
    "memorysetup-temp-allocator-size-nav-mesh-worker=65536"
    "memorysetup-temp-allocator-size-audio-worker=65536"
    "memorysetup-temp-allocator-size-cloud-worker=32768"
    "memorysetup-temp-allocator-size-gi-baking-worker=262144"
    "memorysetup-temp-allocator-size-gi-baking-worker=262144"
    "memorysetup-temp-allocator-size-gi-baking-worker=262144"
    "memorysetup-temp-allocator-size-gi-baking-worker=262144"
    "memorysetup-temp-allocator-size-gi-baking-worker=262144"
    "memorysetup-temp-allocator-size-gfx=262144"
Player connection [8082579136]  Target information:

Player connection [8082579136]  * "[IP] 10.230.34.71 [Port] 0 [Flags] 2 [Guid] 2301420829 [EditorId] 2301420829 [Version] 1048832 [Id] OSXEditor(0,IT01-125000) [Debug] 1 [PackageName] OSXEditor [ProjectName] Editor" 

Player connection [8082579136]  * "[IP] 10.230.43.13 [Port] 0 [Flags] 2 [Guid] 2301420829 [EditorId] 2301420829 [Version] 1048832 [Id] OSXEditor(0,IT01-125000) [Debug] 1 [PackageName] OSXEditor [ProjectName] Editor" 

Player connection [8082579136] Host joined multi-casting on [225.0.0.222:54997]...
Player connection [8082579136] Host joined alternative multi-casting on [225.0.0.222:34997]...
JobSystem: Creating JobQueue using job-worker-count value 4
Library Redirect Path: Library/
[PhysX] Initialized MultithreadedTaskDispatcher with 5 workers.
Refreshing native plugins compatible for Editor in 0.12 ms, found 0 plugins.
Preloading 0 native plugins for Editor in 0.00 ms.
Initialize engine version: 6000.0.18f1 (3699cf869f9b)
[Subsystems] Discovering subsystems at path /Applications/Unity/Hub/Editor/6000.0.18f1/Unity.app/Contents/Resources/UnitySubsystems
[Subsystems] Discovering subsystems at path /Users/wmathews4255/Documents/GitHub/Unitysixthingy/AFC/Assets
GfxDevice: creating device client; kGfxThreadingModeNonThreaded
 preferred device: Apple M1 Max (high power)
Metal devices available: 1
0: Apple M1 Max (high power)
Using device Apple M1 Max (high power)
Initializing Metal device caps: Apple M1 Max
Initialize mono
Mono path[0] = '/Applications/Unity/Hub/Editor/6000.0.18f1/Unity.app/Contents/Managed'
Mono path[1] = '/Applications/Unity/Hub/Editor/6000.0.18f1/Unity.app/Contents/MonoBleedingEdge/lib/mono/unityjit-macos'
Mono config path = '/Applications/Unity/Hub/Editor/6000.0.18f1/Unity.app/Contents/MonoBleedingEdge/etc'
Using monoOptions --debugger-agent=transport=dt_socket,embedding=1,server=y,suspend=n,address=127.0.0.1:56547
Begin MonoManager ReloadAssembly
Registering precompiled unity dll's ...
Register platform support module: /Applications/Unity/Hub/Editor/6000.0.18f1/PlaybackEngines/WebGLSupport/UnityEditor.WebGL.Extensions.dll
Register platform support module: /Applications/Unity/Hub/Editor/6000.0.18f1/Unity.app/Contents/PlaybackEngines/MacStandaloneSupport/UnityEditor.OSXStandalone.Extensions.dll
Register platform support module: /Applications/Unity/Hub/Editor/6000.0.18f1/PlaybackEngines/AndroidPlayer/UnityEditor.Android.Extensions.dll
Register platform support module: /Applications/Unity/Hub/Editor/6000.0.18f1/PlaybackEngines/iOSSupport/UnityEditor.iOS.Extensions.dll
Registered in 0.001383 seconds.
- Loaded All Assemblies, in  0.239 seconds
[usbmuxd] Start listen thread
[usbmuxd] Listen thread started
[usbmuxd] Send listen message
Native extension for iOS target not found
Native extension for Android target not found
Android Extension - Scanning For ADB Devices 139 ms
Native extension for OSXStandalone target not found
Native extension for WebGL target not found
Mono: successfully reloaded assembly
- Finished resetting the current domain, in  0.612 seconds
Domain Reload Profiling: 851ms
	BeginReloadAssembly (50ms)
		ExecutionOrderSort (0ms)
		DisableScriptedObjects (0ms)
		BackupInstance (0ms)
		ReleaseScriptingObjects (0ms)
		CreateAndSetChildDomain (0ms)
	RebuildCommonClasses (28ms)
	RebuildNativeTypeToScriptingClass (10ms)
	initialDomainReloadingComplete (31ms)
	LoadAllAssembliesAndSetupDomain (120ms)
		LoadAssemblies (50ms)
		RebuildTransferFunctionScriptingTraits (0ms)
		AnalyzeDomain (118ms)
			TypeCache.Refresh (117ms)
				TypeCache.ScanAssembly (107ms)
			BuildScriptInfoCaches (0ms)
			ResolveRequiredComponents (1ms)
	FinalizeReload (612ms)
		ReleaseScriptCaches (0ms)
		RebuildScriptCaches (0ms)
		SetupLoadedEditorAssemblies (578ms)
			LogAssemblyErrors (0ms)
			InitializePlatformSupportModulesInManaged (249ms)
			SetLoadedEditorAssemblies (3ms)
			BeforeProcessingInitializeOnLoad (5ms)
			ProcessInitializeOnLoadAttributes (178ms)
			ProcessInitializeOnLoadMethodAttributes (95ms)
			AfterProcessingInitializeOnLoad (47ms)
			EditorAssembliesLoaded (0ms)
		ExecutionOrderSort2 (0ms)
		AwakeInstancesAfterBackupRestoration (0ms)
Assertion failed on expression: 'IsFileCreated(assemblyPath)'
Assertion failed on expression: 'IsFileCreated(assemblyPath)'
Assertion failed on expression: 'IsFileCreated(assemblyPath)'
Assertion failed on expression: 'IsFileCreated(assemblyPath)'
Assertion failed on expression: 'IsFileCreated(assemblyPath)'
Assertion failed on expression: 'IsFileCreated(assemblyPath)'
Assertion failed on expression: 'IsFileCreated(assemblyPath)'
Assertion failed on expression: 'IsFileCreated(assemblyPath)'
Assertion failed on expression: 'IsFileCreated(assemblyPath)'
Assertion failed on expression: 'IsFileCreated(assemblyPath)'
Assertion failed on expression: 'IsFileCreated(assemblyPath)'
Assertion failed on expression: 'IsFileCreated(assemblyPath)'
Assertion failed on expression: 'IsFileCreated(assemblyPath)'
Assertion failed on expression: 'IsFileCreated(assemblyPath)'
Assertion failed on expression: 'IsFileCreated(assemblyPath)'
Assertion failed on expression: 'IsFileCreated(assemblyPath)'
Assertion failed on expression: 'IsFileCreated(assemblyPath)'
Compilation Pipeline: Could not read file Packages/com.unity.ugui/Runtime/TMP/Unity.TextMeshPro.asmdef
Fatal Error! Compilation Pipeline: Could not read file Packages/com.unity.ugui/Runtime/TMP/Unity.TextMeshPro.asmdef
Obtained 35 stack frames.
#0  0x0000018ba3d11c in __pthread_kill
#1  0xb85d00018b984a40 in abort
#2  0x385c000107884758 in __cxx_global_var_init.2
#3  0x0000010646bb48 in EditorMonoConsole::LogToConsoleImplementation(CppLogEntry&)
#4  0x0000010646b68c in EditorMonoConsole::LogToConsoleImplementation(DebugStringToFileData const&)
#5  0x0000010646d2bc in LogToConsoleImplementation(DebugStringToFileData const&)
#6  0x000001071531bc in DebugStringToFilePostprocessedStacktrace(DebugStringToFileData const&)
#7  0x000001071539f4 in DebugStringToFile(DebugStringToFileData const&)
#8  0x00000106ab945c in RegisterAssemblyDefinition(core::basic_string<char, core::StringStorageDefault<char>> const&)
#9  0x00000106e0bbec in UpdateScriptCompilationPipelineCaches(ScriptChanges const&, bool)
#10 0x00000106c9c0ec in InitializeScriptPipelineCaches()
#11 0x000001065857e0 in Application::InitializeProject()
#12 0x0000010788bba8 in -[EditorApplication applicationDidFinishLaunching:]
#13 0x0000018bb46820 in __CFNOTIFICATIONCENTER_IS_CALLING_OUT_TO_AN_OBSERVER__
#14 0xe86300018bbda8ec in ___CFXRegistrationPost_block_invoke
#15 0xed0200018bbda834 in _CFXRegistrationPost
#16 0xd91300018bb1548c in _CFXNotificationPost
#17 0x150500018cc07030 in -[NSNotificationCenter postNotificationName:object:userInfo:]
#18 0xb50f00018f332624 in -[NSApplication _postDidFinishNotification]
#19 0x8a7500018f3323d4 in -[NSApplication _sendFinishLaunchingNotification]
#20 0x6a0300018f33091c in -[NSApplication(NSAppleEventHandling) _handleAEOpenEvent:]
#21 0x481c00018f330518 in -[NSApplication(NSAppleEventHandling) _handleCoreEvent:withReplyEvent:]
#22 0x33000018cc2f454 in -[NSAppleEventManager dispatchRawAppleEvent:withRawReply:handlerRefCon:]
#23 0xcd1d80018cc2f248 in _NSAppleEventManagerGenericHandler
#24 0x281f800192a80d8c in _AppleEventsCheckInAppWithBlock
#25 0xc74d000192a806b4 in _AppleEventsCheckInAppWithBlock
#26 0x1e37800192a79cc4 in aeProcessAppleEvent
#27 0xd21d0001960dc2d4 in AEProcessAppleEvent
#28 0x870580018f32af60 in _DPSNextEvent
#29 0x555a00018fb00ebc in -[NSApplication(NSEventRouting) _nextEventMatchingEventMask:untilDate:inMode:dequeue:]
#30 0xbb3180018f31e100 in -[NSApplication run]
#31 0xdb0a00018f2f53cc in NSApplicationMain
#32 0xf9648001078a0da4 in EditorMain(int, char const**)
#33 0x000001078a1100 in main
#34 0x0000018b6f90e0 in start
