Unity Editor version:    6000.0.18f1 (3699cf869f9b)
Branch:                  trunk
Build type:              Release
Batch mode:              YES
macOS version:           Version 14.1.1 (Build 23B81)
Darwin version:          23.1.0
Architecture:            arm64
Running under Rosetta:   NO
Available memory:        32768 MB
Using pre-set license
Pro License: YES

COMMAND LINE ARGUMENTS:
/Applications/Unity/Hub/Editor/6000.0.18f1/Unity.app/Contents/MacOS/Unity
-adb2
-batchMode
-noUpm
-name
AssetImportWorker24
-projectPath
/Users/wmathews4255/Documents/GitHub/Unitysixthingy/AFC
-logFile
Logs/AssetImportWorker24.log
-srvPort
53438
-job-worker-count
4
-background-job-worker-count
8
-asset-garbage-collectors
1
Successfully changed project path to: /Users/wmathews4255/Documents/GitHub/Unitysixthingy/AFC
Could not lock editor preferences. Preferences updates for this instance of Unity will not be saved./Users/wmathews4255/Documents/GitHub/Unitysixthingy/AFC
[UnityMemory] Configuration Parameters - Can be set up in boot.config
    "memorysetup-bucket-allocator-granularity=16"
    "memorysetup-bucket-allocator-bucket-count=8"
    "memorysetup-bucket-allocator-block-size=33554432"
    "memorysetup-bucket-allocator-block-count=8"
    "memorysetup-main-allocator-block-size=16777216"
    "memorysetup-thread-allocator-block-size=16777216"
    "memorysetup-gfx-main-allocator-block-size=16777216"
    "memorysetup-gfx-thread-allocator-block-size=16777216"
    "memorysetup-cache-allocator-block-size=4194304"
    "memorysetup-typetree-allocator-block-size=2097152"
    "memorysetup-profiler-bucket-allocator-granularity=16"
    "memorysetup-profiler-bucket-allocator-bucket-count=8"
    "memorysetup-profiler-bucket-allocator-block-size=33554432"
    "memorysetup-profiler-bucket-allocator-block-count=8"
    "memorysetup-profiler-allocator-block-size=16777216"
    "memorysetup-profiler-editor-allocator-block-size=1048576"
    "memorysetup-temp-allocator-size-main=16777216"
    "memorysetup-job-temp-allocator-block-size=2097152"
    "memorysetup-job-temp-allocator-block-size-background=1048576"
    "memorysetup-job-temp-allocator-reduction-small-platforms=262144"
    "memorysetup-allocator-temp-initial-block-size-main=262144"
    "memorysetup-allocator-temp-initial-block-size-worker=262144"
    "memorysetup-temp-allocator-size-background-worker=32768"
    "memorysetup-temp-allocator-size-job-worker=262144"
    "memorysetup-temp-allocator-size-preload-manager=33554432"
    "memorysetup-temp-allocator-size-nav-mesh-worker=65536"
    "memorysetup-temp-allocator-size-audio-worker=65536"
    "memorysetup-temp-allocator-size-cloud-worker=32768"
    "memorysetup-temp-allocator-size-gi-baking-worker=262144"
    "memorysetup-temp-allocator-size-gi-baking-worker=262144"
    "memorysetup-temp-allocator-size-gi-baking-worker=262144"
    "memorysetup-temp-allocator-size-gi-baking-worker=262144"
    "memorysetup-temp-allocator-size-gi-baking-worker=262144"
    "memorysetup-temp-allocator-size-gfx=262144"
Player connection [7898881728]  Target information:

Player connection [7898881728]  * "[IP] 10.230.34.71 [Port] 0 [Flags] 2 [Guid] 3082241043 [EditorId] 3082241043 [Version] 1048832 [Id] OSXEditor(0,IT01-125000) [Debug] 1 [PackageName] OSXEditor [ProjectName] Editor" 

Player connection [7898881728]  * "[IP] 10.230.43.13 [Port] 0 [Flags] 2 [Guid] 3082241043 [EditorId] 3082241043 [Version] 1048832 [Id] OSXEditor(0,IT01-125000) [Debug] 1 [PackageName] OSXEditor [ProjectName] Editor" 

Player connection [7898881728] Host joined multi-casting on [225.0.0.222:54997]...
Player connection [7898881728] Host joined alternative multi-casting on [225.0.0.222:34997]...
JobSystem: Creating JobQueue using job-worker-count value 4
Library Redirect Path: Library/
[PhysX] Initialized MultithreadedTaskDispatcher with 5 workers.
Refreshing native plugins compatible for Editor in 0.14 ms, found 0 plugins.
Preloading 0 native plugins for Editor in 0.00 ms.
Initialize engine version: 6000.0.18f1 (3699cf869f9b)
[Subsystems] Discovering subsystems at path /Applications/Unity/Hub/Editor/6000.0.18f1/Unity.app/Contents/Resources/UnitySubsystems
[Subsystems] Discovering subsystems at path /Users/wmathews4255/Documents/GitHub/Unitysixthingy/AFC/Assets
GfxDevice: creating device client; kGfxThreadingModeNonThreaded
 preferred device: Apple M1 Max (high power)
Metal devices available: 1
0: Apple M1 Max (high power)
Using device Apple M1 Max (high power)
Initializing Metal device caps: Apple M1 Max
Initialize mono
Mono path[0] = '/Applications/Unity/Hub/Editor/6000.0.18f1/Unity.app/Contents/Managed'
Mono path[1] = '/Applications/Unity/Hub/Editor/6000.0.18f1/Unity.app/Contents/MonoBleedingEdge/lib/mono/unityjit-macos'
Mono config path = '/Applications/Unity/Hub/Editor/6000.0.18f1/Unity.app/Contents/MonoBleedingEdge/etc'
Using monoOptions --debugger-agent=transport=dt_socket,embedding=1,server=y,suspend=n,address=127.0.0.1:56613
Begin MonoManager ReloadAssembly
Registering precompiled unity dll's ...
Register platform support module: /Applications/Unity/Hub/Editor/6000.0.18f1/PlaybackEngines/WebGLSupport/UnityEditor.WebGL.Extensions.dll
Register platform support module: /Applications/Unity/Hub/Editor/6000.0.18f1/Unity.app/Contents/PlaybackEngines/MacStandaloneSupport/UnityEditor.OSXStandalone.Extensions.dll
Register platform support module: /Applications/Unity/Hub/Editor/6000.0.18f1/PlaybackEngines/AndroidPlayer/UnityEditor.Android.Extensions.dll
Register platform support module: /Applications/Unity/Hub/Editor/6000.0.18f1/PlaybackEngines/iOSSupport/UnityEditor.iOS.Extensions.dll
Registered in 0.001554 seconds.
- Loaded All Assemblies, in  0.237 seconds
[usbmuxd] Start listen thread
[usbmuxd] Listen thread started
[usbmuxd] Send listen message
Native extension for iOS target not found
Native extension for Android target not found
Android Extension - Scanning For ADB Devices 153 ms
Native extension for OSXStandalone target not found
Native extension for WebGL target not found
Mono: successfully reloaded assembly
- Finished resetting the current domain, in  0.617 seconds
Domain Reload Profiling: 854ms
	BeginReloadAssembly (51ms)
		ExecutionOrderSort (0ms)
		DisableScriptedObjects (0ms)
		BackupInstance (0ms)
		ReleaseScriptingObjects (0ms)
		CreateAndSetChildDomain (1ms)
	RebuildCommonClasses (27ms)
	RebuildNativeTypeToScriptingClass (10ms)
	initialDomainReloadingComplete (30ms)
	LoadAllAssembliesAndSetupDomain (119ms)
		LoadAssemblies (51ms)
		RebuildTransferFunctionScriptingTraits (0ms)
		AnalyzeDomain (117ms)
			TypeCache.Refresh (115ms)
				TypeCache.ScanAssembly (105ms)
			BuildScriptInfoCaches (0ms)
			ResolveRequiredComponents (1ms)
	FinalizeReload (618ms)
		ReleaseScriptCaches (0ms)
		RebuildScriptCaches (0ms)
		SetupLoadedEditorAssemblies (583ms)
			LogAssemblyErrors (0ms)
			InitializePlatformSupportModulesInManaged (264ms)
			SetLoadedEditorAssemblies (3ms)
			BeforeProcessingInitializeOnLoad (6ms)
			ProcessInitializeOnLoadAttributes (165ms)
			ProcessInitializeOnLoadMethodAttributes (96ms)
			AfterProcessingInitializeOnLoad (48ms)
			EditorAssembliesLoaded (0ms)
		ExecutionOrderSort2 (0ms)
		AwakeInstancesAfterBackupRestoration (0ms)
Assertion failed on expression: 'IsFileCreated(assemblyPath)'
Assertion failed on expression: 'IsFileCreated(assemblyPath)'
Assertion failed on expression: 'IsFileCreated(assemblyPath)'
Assertion failed on expression: 'IsFileCreated(assemblyPath)'
Assertion failed on expression: 'IsFileCreated(assemblyPath)'
Assertion failed on expression: 'IsFileCreated(assemblyPath)'
Assertion failed on expression: 'IsFileCreated(assemblyPath)'
Assertion failed on expression: 'IsFileCreated(assemblyPath)'
Assertion failed on expression: 'IsFileCreated(assemblyPath)'
Assertion failed on expression: 'IsFileCreated(assemblyPath)'
Assertion failed on expression: 'IsFileCreated(assemblyPath)'
Assertion failed on expression: 'IsFileCreated(assemblyPath)'
Assertion failed on expression: 'IsFileCreated(assemblyPath)'
Assertion failed on expression: 'IsFileCreated(assemblyPath)'
Assertion failed on expression: 'IsFileCreated(assemblyPath)'
Assertion failed on expression: 'IsFileCreated(assemblyPath)'
Assertion failed on expression: 'IsFileCreated(assemblyPath)'
Compilation Pipeline: Could not read file Packages/com.unity.ugui/Runtime/TMP/Unity.TextMeshPro.asmdef
Fatal Error! Compilation Pipeline: Could not read file Packages/com.unity.ugui/Runtime/TMP/Unity.TextMeshPro.asmdef
Obtained 35 stack frames.
#0  0x00000180b0d11c in __pthread_kill
#1  0xc068000180a54a40 in abort
#2  0xb15e000103724758 in __cxx_global_var_init.2
#3  0x0000010230bb48 in EditorMonoConsole::LogToConsoleImplementation(CppLogEntry&)
#4  0x0000010230b68c in EditorMonoConsole::LogToConsoleImplementation(DebugStringToFileData const&)
#5  0x0000010230d2bc in LogToConsoleImplementation(DebugStringToFileData const&)
#6  0x00000102ff31bc in DebugStringToFilePostprocessedStacktrace(DebugStringToFileData const&)
#7  0x00000102ff39f4 in DebugStringToFile(DebugStringToFileData const&)
#8  0x0000010295945c in RegisterAssemblyDefinition(core::basic_string<char, core::StringStorageDefault<char>> const&)
#9  0x00000102cabbec in UpdateScriptCompilationPipelineCaches(ScriptChanges const&, bool)
#10 0x00000102b3c0ec in InitializeScriptPipelineCaches()
#11 0x000001024257e0 in Application::InitializeProject()
#12 0x0000010372bba8 in -[EditorApplication applicationDidFinishLaunching:]
#13 0x00000180c16820 in __CFNOTIFICATIONCENTER_IS_CALLING_OUT_TO_AN_OBSERVER__
#14 0x8938000180caa8ec in ___CFXRegistrationPost_block_invoke
#15 0xf17e000180caa834 in _CFXRegistrationPost
#16 0xe625800180be548c in _CFXNotificationPost
#17 0xc10f800181cd7030 in -[NSNotificationCenter postNotificationName:object:userInfo:]
#18 0xd75e000184402624 in -[NSApplication _postDidFinishNotification]
#19 0x543f8001844023d4 in -[NSApplication _sendFinishLaunchingNotification]
#20 0x515a80018440091c in -[NSApplication(NSAppleEventHandling) _handleAEOpenEvent:]
#21 0x7d1f000184400518 in -[NSApplication(NSAppleEventHandling) _handleCoreEvent:withReplyEvent:]
#22 0x6268800181cff454 in -[NSAppleEventManager dispatchRawAppleEvent:withRawReply:handlerRefCon:]
#23 0x9841000181cff248 in _NSAppleEventManagerGenericHandler
#24 0xe760800187b50d8c in _AppleEventsCheckInAppWithBlock
#25 0x6853800187b506b4 in _AppleEventsCheckInAppWithBlock
#26 0x1e4e000187b49cc4 in aeProcessAppleEvent
#27 0xb91900018b1ac2d4 in AEProcessAppleEvent
#28 0xea3a8001843faf60 in _DPSNextEvent
#29 0xc770800184bd0ebc in -[NSApplication(NSEventRouting) _nextEventMatchingEventMask:untilDate:inMode:dequeue:]
#30 0xc55c0001843ee100 in -[NSApplication run]
#31 0x5e368001843c53cc in NSApplicationMain
#32 0x712800103740da4 in EditorMain(int, char const**)
#33 0x00000103741100 in main
#34 0x000001807c90e0 in start
